[debug] [2026-01-23T00:35:17.900Z] ----------------------------------------------------------------------
[debug] [2026-01-23T00:35:17.905Z] Command:       C:\Program Files\nodejs\node.exe C:\Users\jace7473\AppData\Roaming\npm\node_modules\firebase-tools\lib\bin\firebase.js deploy --only functions
[debug] [2026-01-23T00:35:17.906Z] CLI Version:   15.4.0
[debug] [2026-01-23T00:35:17.906Z] Platform:      win32
[debug] [2026-01-23T00:35:17.906Z] Node Version:  v22.18.0
[debug] [2026-01-23T00:35:17.906Z] Time:          Thu Jan 22 2026 16:35:17 GMT-0800 (Pacific Standard Time)
[debug] [2026-01-23T00:35:17.906Z] ----------------------------------------------------------------------
[debug] 
[debug] [2026-01-23T00:35:19.890Z] > command requires scopes: ["email","openid","https://www.googleapis.com/auth/cloudplatformprojects.readonly","https://www.googleapis.com/auth/firebase","https://www.googleapis.com/auth/cloud-platform"]
[debug] [2026-01-23T00:35:19.890Z] > authorizing via signed-in user (wiliamh7013@gmail.com)
[debug] [2026-01-23T00:35:19.890Z] [iam] checking project scoutx-26e01 for permissions ["cloudfunctions.functions.create","cloudfunctions.functions.delete","cloudfunctions.functions.get","cloudfunctions.functions.list","cloudfunctions.functions.update","cloudfunctions.operations.get","firebase.projects.get"]
[debug] [2026-01-23T00:35:19.892Z] Checked if tokens are valid: true, expires at: 1769132106692
[debug] [2026-01-23T00:35:19.892Z] Checked if tokens are valid: true, expires at: 1769132106692
[debug] [2026-01-23T00:35:19.893Z] >>> [apiv2][query] POST https://cloudresourcemanager.googleapis.com/v1/projects/scoutx-26e01:testIamPermissions [none]
[debug] [2026-01-23T00:35:19.893Z] >>> [apiv2][(partial)header] POST https://cloudresourcemanager.googleapis.com/v1/projects/scoutx-26e01:testIamPermissions x-goog-quota-user=projects/scoutx-26e01
[debug] [2026-01-23T00:35:19.893Z] >>> [apiv2][body] POST https://cloudresourcemanager.googleapis.com/v1/projects/scoutx-26e01:testIamPermissions {"permissions":["cloudfunctions.functions.create","cloudfunctions.functions.delete","cloudfunctions.functions.get","cloudfunctions.functions.list","cloudfunctions.functions.update","cloudfunctions.operations.get","firebase.projects.get"]}
[debug] [2026-01-23T00:35:20.068Z] <<< [apiv2][status] POST https://cloudresourcemanager.googleapis.com/v1/projects/scoutx-26e01:testIamPermissions 200
[debug] [2026-01-23T00:35:20.069Z] <<< [apiv2][body] POST https://cloudresourcemanager.googleapis.com/v1/projects/scoutx-26e01:testIamPermissions {"permissions":["cloudfunctions.functions.create","cloudfunctions.functions.delete","cloudfunctions.functions.get","cloudfunctions.functions.list","cloudfunctions.functions.update","cloudfunctions.operations.get","firebase.projects.get"]}
[debug] [2026-01-23T00:35:20.069Z] Checked if tokens are valid: true, expires at: 1769132106692
[debug] [2026-01-23T00:35:20.069Z] Checked if tokens are valid: true, expires at: 1769132106692
[debug] [2026-01-23T00:35:20.069Z] >>> [apiv2][query] POST https://iam.googleapis.com/v1/projects/scoutx-26e01/serviceAccounts/scoutx-26e01@appspot.gserviceaccount.com:testIamPermissions [none]
[debug] [2026-01-23T00:35:20.069Z] >>> [apiv2][body] POST https://iam.googleapis.com/v1/projects/scoutx-26e01/serviceAccounts/scoutx-26e01@appspot.gserviceaccount.com:testIamPermissions {"permissions":["iam.serviceAccounts.actAs"]}
[debug] [2026-01-23T00:35:20.209Z] <<< [apiv2][status] POST https://iam.googleapis.com/v1/projects/scoutx-26e01/serviceAccounts/scoutx-26e01@appspot.gserviceaccount.com:testIamPermissions 200
[debug] [2026-01-23T00:35:20.209Z] <<< [apiv2][body] POST https://iam.googleapis.com/v1/projects/scoutx-26e01/serviceAccounts/scoutx-26e01@appspot.gserviceaccount.com:testIamPermissions {"permissions":["iam.serviceAccounts.actAs"]}
[info] 
[info] === Deploying to 'scoutx-26e01'...
[info] 
[info] i  deploying functions 
[debug] [2026-01-23T00:35:20.214Z] Checked if tokens are valid: true, expires at: 1769132106692
[debug] [2026-01-23T00:35:20.214Z] Checked if tokens are valid: true, expires at: 1769132106692
[debug] [2026-01-23T00:35:20.214Z] >>> [apiv2][query] GET https://serviceusage.googleapis.com/v1/projects/scoutx-26e01/services/cloudresourcemanager.googleapis.com [none]
[debug] [2026-01-23T00:35:20.214Z] >>> [apiv2][(partial)header] GET https://serviceusage.googleapis.com/v1/projects/scoutx-26e01/services/cloudresourcemanager.googleapis.com x-goog-quota-user=projects/scoutx-26e01
[debug] [2026-01-23T00:35:20.992Z] <<< [apiv2][status] GET https://serviceusage.googleapis.com/v1/projects/scoutx-26e01/services/cloudresourcemanager.googleapis.com 200
[debug] [2026-01-23T00:35:20.993Z] <<< [apiv2][body] GET https://serviceusage.googleapis.com/v1/projects/scoutx-26e01/services/cloudresourcemanager.googleapis.com [omitted]
[debug] [2026-01-23T00:35:21.007Z] Checked if tokens are valid: true, expires at: 1769132106692
[debug] [2026-01-23T00:35:21.008Z] Checked if tokens are valid: true, expires at: 1769132106692
[debug] [2026-01-23T00:35:21.008Z] >>> [apiv2][query] GET https://cloudresourcemanager.googleapis.com/v1/projects/scoutx-26e01 [none]
[debug] [2026-01-23T00:35:21.115Z] <<< [apiv2][status] GET https://cloudresourcemanager.googleapis.com/v1/projects/scoutx-26e01 200
[debug] [2026-01-23T00:35:21.115Z] <<< [apiv2][body] GET https://cloudresourcemanager.googleapis.com/v1/projects/scoutx-26e01 {"projectNumber":"756109698968","projectId":"scoutx-26e01","lifecycleState":"ACTIVE","name":"ScoutX","labels":{"firebase":"enabled","firebase-core":"disabled"},"createTime":"2025-08-15T22:47:29.838612Z"}
[info] i  functions: preparing codebase default for deployment 
[info] i  functions: ensuring required API cloudfunctions.googleapis.com is enabled... 
[debug] [2026-01-23T00:35:21.118Z] Checked if tokens are valid: true, expires at: 1769132106692
[debug] [2026-01-23T00:35:21.118Z] Checked if tokens are valid: true, expires at: 1769132106692
[debug] [2026-01-23T00:35:21.119Z] Checked if tokens are valid: true, expires at: 1769132106692
[debug] [2026-01-23T00:35:21.119Z] Checked if tokens are valid: true, expires at: 1769132106692
[info] i  functions: ensuring required API cloudbuild.googleapis.com is enabled... 
[debug] [2026-01-23T00:35:21.120Z] Checked if tokens are valid: true, expires at: 1769132106692
[debug] [2026-01-23T00:35:21.120Z] Checked if tokens are valid: true, expires at: 1769132106692
[info] i  artifactregistry: ensuring required API artifactregistry.googleapis.com is enabled... 
[debug] [2026-01-23T00:35:21.121Z] Checked if tokens are valid: true, expires at: 1769132106692
[debug] [2026-01-23T00:35:21.121Z] Checked if tokens are valid: true, expires at: 1769132106692
[debug] [2026-01-23T00:35:21.121Z] >>> [apiv2][query] GET https://serviceusage.googleapis.com/v1/projects/scoutx-26e01/services/cloudfunctions.googleapis.com [none]
[debug] [2026-01-23T00:35:21.121Z] >>> [apiv2][(partial)header] GET https://serviceusage.googleapis.com/v1/projects/scoutx-26e01/services/cloudfunctions.googleapis.com x-goog-quota-user=projects/scoutx-26e01
[debug] [2026-01-23T00:35:21.122Z] >>> [apiv2][query] GET https://serviceusage.googleapis.com/v1/projects/scoutx-26e01/services/runtimeconfig.googleapis.com [none]
[debug] [2026-01-23T00:35:21.122Z] >>> [apiv2][(partial)header] GET https://serviceusage.googleapis.com/v1/projects/scoutx-26e01/services/runtimeconfig.googleapis.com x-goog-quota-user=projects/scoutx-26e01
[debug] [2026-01-23T00:35:21.124Z] >>> [apiv2][query] GET https://serviceusage.googleapis.com/v1/projects/scoutx-26e01/services/cloudbuild.googleapis.com [none]
[debug] [2026-01-23T00:35:21.124Z] >>> [apiv2][(partial)header] GET https://serviceusage.googleapis.com/v1/projects/scoutx-26e01/services/cloudbuild.googleapis.com x-goog-quota-user=projects/scoutx-26e01
[debug] [2026-01-23T00:35:21.126Z] >>> [apiv2][query] GET https://serviceusage.googleapis.com/v1/projects/scoutx-26e01/services/artifactregistry.googleapis.com [none]
[debug] [2026-01-23T00:35:21.126Z] >>> [apiv2][(partial)header] GET https://serviceusage.googleapis.com/v1/projects/scoutx-26e01/services/artifactregistry.googleapis.com x-goog-quota-user=projects/scoutx-26e01
[debug] [2026-01-23T00:35:21.603Z] <<< [apiv2][status] GET https://serviceusage.googleapis.com/v1/projects/scoutx-26e01/services/cloudbuild.googleapis.com 200
[debug] [2026-01-23T00:35:21.603Z] <<< [apiv2][body] GET https://serviceusage.googleapis.com/v1/projects/scoutx-26e01/services/cloudbuild.googleapis.com [omitted]
[info] +  functions: required API cloudbuild.googleapis.com is enabled 
[debug] [2026-01-23T00:35:21.620Z] <<< [apiv2][status] GET https://serviceusage.googleapis.com/v1/projects/scoutx-26e01/services/artifactregistry.googleapis.com 200
[debug] [2026-01-23T00:35:21.620Z] <<< [apiv2][body] GET https://serviceusage.googleapis.com/v1/projects/scoutx-26e01/services/artifactregistry.googleapis.com [omitted]
[info] +  artifactregistry: required API artifactregistry.googleapis.com is enabled 
[debug] [2026-01-23T00:35:21.626Z] <<< [apiv2][status] GET https://serviceusage.googleapis.com/v1/projects/scoutx-26e01/services/runtimeconfig.googleapis.com 200
[debug] [2026-01-23T00:35:21.626Z] <<< [apiv2][body] GET https://serviceusage.googleapis.com/v1/projects/scoutx-26e01/services/runtimeconfig.googleapis.com [omitted]
[debug] [2026-01-23T00:35:21.632Z] <<< [apiv2][status] GET https://serviceusage.googleapis.com/v1/projects/scoutx-26e01/services/cloudfunctions.googleapis.com 200
[debug] [2026-01-23T00:35:21.632Z] <<< [apiv2][body] GET https://serviceusage.googleapis.com/v1/projects/scoutx-26e01/services/cloudfunctions.googleapis.com [omitted]
[info] +  functions: required API cloudfunctions.googleapis.com is enabled 
[debug] [2026-01-23T00:35:21.638Z] Checked if tokens are valid: true, expires at: 1769132106692
[debug] [2026-01-23T00:35:21.638Z] Checked if tokens are valid: true, expires at: 1769132106692
[debug] [2026-01-23T00:35:21.638Z] >>> [apiv2][query] GET https://firebase.googleapis.com/v1beta1/projects/scoutx-26e01/adminSdkConfig [none]
[debug] [2026-01-23T00:35:21.910Z] <<< [apiv2][status] GET https://firebase.googleapis.com/v1beta1/projects/scoutx-26e01/adminSdkConfig 200
[debug] [2026-01-23T00:35:21.911Z] <<< [apiv2][body] GET https://firebase.googleapis.com/v1beta1/projects/scoutx-26e01/adminSdkConfig {"projectId":"scoutx-26e01","storageBucket":"scoutx-26e01.firebasestorage.app"}
[debug] [2026-01-23T00:35:21.912Z] Checked if tokens are valid: true, expires at: 1769132106692
[debug] [2026-01-23T00:35:21.912Z] Checked if tokens are valid: true, expires at: 1769132106692
[debug] [2026-01-23T00:35:21.912Z] >>> [apiv2][query] GET https://runtimeconfig.googleapis.com/v1beta1/projects/scoutx-26e01/configs [none]
[debug] [2026-01-23T00:35:22.485Z] <<< [apiv2][status] GET https://runtimeconfig.googleapis.com/v1beta1/projects/scoutx-26e01/configs 200
[debug] [2026-01-23T00:35:22.485Z] <<< [apiv2][body] GET https://runtimeconfig.googleapis.com/v1beta1/projects/scoutx-26e01/configs {}
[debug] [2026-01-23T00:35:22.489Z] Validating nodejs source
[warn] !  functions: package.json indicates an outdated version of firebase-functions. Please upgrade using npm install --save firebase-functions@latest in your functions directory. 
[warn] !  functions: Please note that there will be breaking changes when you upgrade. 
[debug] [2026-01-23T00:35:23.849Z] > [functions] package.json contents: {
  "name": "functions",
  "description": "Cloud Functions for Firebase",
  "scripts": {
    "serve": "firebase emulators:start --only functions",
    "shell": "firebase functions:shell",
    "start": "npm run shell",
    "deploy": "firebase deploy --only functions",
    "logs": "firebase functions:log"
  },
  "engines": {
    "node": "22"
  },
  "main": "index.js",
  "dependencies": {
    "axios": "^1.7.9",
    "dotenv": "^16.4.7",
    "firebase": "^11.2.0",
    "firebase-admin": "^12.6.0",
    "firebase-functions": "^6.0.1"
  },
  "devDependencies": {
    "firebase-functions-test": "^3.1.0"
  },
  "private": true
}
[debug] [2026-01-23T00:35:23.850Z] Building nodejs source
[info] i  functions: Loading and analyzing source code for codebase default to determine what to deploy 
[debug] [2026-01-23T00:35:23.853Z] Could not find functions.yaml. Must use http discovery
[debug] [2026-01-23T00:35:23.867Z] Found firebase-functions binary at 'C:\Users\jace7473\Documents\GitHub\ScoutX-2026\node_modules\.bin\firebase-functions'
[info] Serving at port 8459

[debug] [2026-01-23T00:35:24.861Z] Got response from /__/functions.yaml {"endpoints":{"analyzeTeamData":{"availableMemoryMb":null,"timeoutSeconds":null,"minInstances":null,"maxInstances":null,"ingressSettings":null,"concurrency":null,"serviceAccountEmail":null,"vpc":null,"platform":"gcfv2","labels":{},"httpsTrigger":{},"entryPoint":"analyzeTeamData"}},"specVersion":"v1alpha1","requiredAPIs":[],"extensions":{}}
[info] i  extensions: ensuring required API firebaseextensions.googleapis.com is enabled... 
[debug] [2026-01-23T00:35:28.916Z] Checked if tokens are valid: true, expires at: 1769132106692
[debug] [2026-01-23T00:35:28.916Z] Checked if tokens are valid: true, expires at: 1769132106692
[debug] [2026-01-23T00:35:28.916Z] >>> [apiv2][query] GET https://serviceusage.googleapis.com/v1/projects/scoutx-26e01/services/firebaseextensions.googleapis.com [none]
[debug] [2026-01-23T00:35:28.916Z] >>> [apiv2][(partial)header] GET https://serviceusage.googleapis.com/v1/projects/scoutx-26e01/services/firebaseextensions.googleapis.com x-goog-quota-user=projects/scoutx-26e01
[debug] [2026-01-23T00:35:29.283Z] <<< [apiv2][status] GET https://serviceusage.googleapis.com/v1/projects/scoutx-26e01/services/firebaseextensions.googleapis.com 200
[debug] [2026-01-23T00:35:29.283Z] <<< [apiv2][body] GET https://serviceusage.googleapis.com/v1/projects/scoutx-26e01/services/firebaseextensions.googleapis.com [omitted]
[info] +  extensions: required API firebaseextensions.googleapis.com is enabled 
[debug] [2026-01-23T00:35:29.294Z] > command requires scopes: ["email","openid","https://www.googleapis.com/auth/cloudplatformprojects.readonly","https://www.googleapis.com/auth/firebase","https://www.googleapis.com/auth/cloud-platform"]
[debug] [2026-01-23T00:35:29.294Z] > authorizing via signed-in user (wiliamh7013@gmail.com)
[debug] [2026-01-23T00:35:29.294Z] [iam] checking project scoutx-26e01 for permissions ["firebase.projects.get","firebaseextensions.instances.list"]
[debug] [2026-01-23T00:35:29.295Z] Checked if tokens are valid: true, expires at: 1769132106692
[debug] [2026-01-23T00:35:29.295Z] Checked if tokens are valid: true, expires at: 1769132106692
[debug] [2026-01-23T00:35:29.295Z] >>> [apiv2][query] POST https://cloudresourcemanager.googleapis.com/v1/projects/scoutx-26e01:testIamPermissions [none]
[debug] [2026-01-23T00:35:29.295Z] >>> [apiv2][(partial)header] POST https://cloudresourcemanager.googleapis.com/v1/projects/scoutx-26e01:testIamPermissions x-goog-quota-user=projects/scoutx-26e01
[debug] [2026-01-23T00:35:29.295Z] >>> [apiv2][body] POST https://cloudresourcemanager.googleapis.com/v1/projects/scoutx-26e01:testIamPermissions {"permissions":["firebase.projects.get","firebaseextensions.instances.list"]}
[debug] [2026-01-23T00:35:29.588Z] <<< [apiv2][status] POST https://cloudresourcemanager.googleapis.com/v1/projects/scoutx-26e01:testIamPermissions 200
[debug] [2026-01-23T00:35:29.588Z] <<< [apiv2][body] POST https://cloudresourcemanager.googleapis.com/v1/projects/scoutx-26e01:testIamPermissions {"permissions":["firebase.projects.get","firebaseextensions.instances.list"]}
[debug] [2026-01-23T00:35:29.589Z] Checked if tokens are valid: true, expires at: 1769132106692
[debug] [2026-01-23T00:35:29.589Z] Checked if tokens are valid: true, expires at: 1769132106692
[debug] [2026-01-23T00:35:29.589Z] >>> [apiv2][query] GET https://firebaseextensions.googleapis.com/v1beta/projects/scoutx-26e01/instances pageSize=100&pageToken=
[debug] [2026-01-23T00:35:30.296Z] <<< [apiv2][status] GET https://firebaseextensions.googleapis.com/v1beta/projects/scoutx-26e01/instances 200
[debug] [2026-01-23T00:35:30.296Z] <<< [apiv2][body] GET https://firebaseextensions.googleapis.com/v1beta/projects/scoutx-26e01/instances {}
[info] i  functions: Loaded environment variables from .env. 
[info] i  functions: preparing functions directory for uploading... 
[info] i  functions: packaged C:\Users\jace7473\Documents\GitHub\ScoutX-2026\functions (72.23 KB) for uploading 
[debug] [2026-01-23T00:35:30.358Z] Checked if tokens are valid: true, expires at: 1769132106692
[debug] [2026-01-23T00:35:30.358Z] Checked if tokens are valid: true, expires at: 1769132106692
[debug] [2026-01-23T00:35:30.358Z] >>> [apiv2][query] GET https://cloudfunctions.googleapis.com/v1/projects/scoutx-26e01/locations/-/functions [none]
[debug] [2026-01-23T00:35:31.226Z] <<< [apiv2][status] GET https://cloudfunctions.googleapis.com/v1/projects/scoutx-26e01/locations/-/functions 200
[debug] [2026-01-23T00:35:31.226Z] <<< [apiv2][body] GET https://cloudfunctions.googleapis.com/v1/projects/scoutx-26e01/locations/-/functions {}
[debug] [2026-01-23T00:35:31.227Z] Checked if tokens are valid: true, expires at: 1769132106692
[debug] [2026-01-23T00:35:31.227Z] Checked if tokens are valid: true, expires at: 1769132106692
[debug] [2026-01-23T00:35:31.227Z] >>> [apiv2][query] GET https://cloudfunctions.googleapis.com/v2/projects/scoutx-26e01/locations/-/functions filter=environment%3D%22GEN_2%22
[debug] [2026-01-23T00:35:31.842Z] <<< [apiv2][status] GET https://cloudfunctions.googleapis.com/v2/projects/scoutx-26e01/locations/-/functions 200
[info] i  functions: ensuring required API run.googleapis.com is enabled... 
[debug] [2026-01-23T00:35:31.846Z] Checked if tokens are valid: true, expires at: 1769132106692
[debug] [2026-01-23T00:35:31.846Z] Checked if tokens are valid: true, expires at: 1769132106692
[info] i  functions: ensuring required API eventarc.googleapis.com is enabled... 
[debug] [2026-01-23T00:35:31.847Z] Checked if tokens are valid: true, expires at: 1769132106692
[debug] [2026-01-23T00:35:31.847Z] Checked if tokens are valid: true, expires at: 1769132106692
[info] i  functions: ensuring required API pubsub.googleapis.com is enabled... 
[debug] [2026-01-23T00:35:31.848Z] Checked if tokens are valid: true, expires at: 1769132106692
[debug] [2026-01-23T00:35:31.848Z] Checked if tokens are valid: true, expires at: 1769132106692
[info] i  functions: ensuring required API storage.googleapis.com is enabled... 
[debug] [2026-01-23T00:35:31.849Z] Checked if tokens are valid: true, expires at: 1769132106692
[debug] [2026-01-23T00:35:31.849Z] Checked if tokens are valid: true, expires at: 1769132106692
[debug] [2026-01-23T00:35:31.850Z] >>> [apiv2][query] GET https://serviceusage.googleapis.com/v1/projects/756109698968/services/run.googleapis.com [none]
[debug] [2026-01-23T00:35:31.850Z] >>> [apiv2][(partial)header] GET https://serviceusage.googleapis.com/v1/projects/756109698968/services/run.googleapis.com x-goog-quota-user=projects/756109698968
[debug] [2026-01-23T00:35:31.850Z] >>> [apiv2][query] GET https://serviceusage.googleapis.com/v1/projects/756109698968/services/eventarc.googleapis.com [none]
[debug] [2026-01-23T00:35:31.850Z] >>> [apiv2][(partial)header] GET https://serviceusage.googleapis.com/v1/projects/756109698968/services/eventarc.googleapis.com x-goog-quota-user=projects/756109698968
[debug] [2026-01-23T00:35:31.851Z] >>> [apiv2][query] GET https://serviceusage.googleapis.com/v1/projects/756109698968/services/pubsub.googleapis.com [none]
[debug] [2026-01-23T00:35:31.852Z] >>> [apiv2][(partial)header] GET https://serviceusage.googleapis.com/v1/projects/756109698968/services/pubsub.googleapis.com x-goog-quota-user=projects/756109698968
[debug] [2026-01-23T00:35:31.853Z] >>> [apiv2][query] GET https://serviceusage.googleapis.com/v1/projects/756109698968/services/storage.googleapis.com [none]
[debug] [2026-01-23T00:35:31.853Z] >>> [apiv2][(partial)header] GET https://serviceusage.googleapis.com/v1/projects/756109698968/services/storage.googleapis.com x-goog-quota-user=projects/756109698968
[debug] [2026-01-23T00:35:32.044Z] <<< [apiv2][status] GET https://serviceusage.googleapis.com/v1/projects/756109698968/services/run.googleapis.com 200
[debug] [2026-01-23T00:35:32.044Z] <<< [apiv2][body] GET https://serviceusage.googleapis.com/v1/projects/756109698968/services/run.googleapis.com [omitted]
[info] +  functions: required API run.googleapis.com is enabled 
[debug] [2026-01-23T00:35:32.061Z] <<< [apiv2][status] GET https://serviceusage.googleapis.com/v1/projects/756109698968/services/eventarc.googleapis.com 200
[debug] [2026-01-23T00:35:32.061Z] <<< [apiv2][body] GET https://serviceusage.googleapis.com/v1/projects/756109698968/services/eventarc.googleapis.com [omitted]
[info] +  functions: required API eventarc.googleapis.com is enabled 
[debug] [2026-01-23T00:35:32.258Z] <<< [apiv2][status] GET https://serviceusage.googleapis.com/v1/projects/756109698968/services/storage.googleapis.com 200
[debug] [2026-01-23T00:35:32.258Z] <<< [apiv2][body] GET https://serviceusage.googleapis.com/v1/projects/756109698968/services/storage.googleapis.com [omitted]
[info] +  functions: required API storage.googleapis.com is enabled 
[debug] [2026-01-23T00:35:32.272Z] <<< [apiv2][status] GET https://serviceusage.googleapis.com/v1/projects/756109698968/services/pubsub.googleapis.com 200
[debug] [2026-01-23T00:35:32.272Z] <<< [apiv2][body] GET https://serviceusage.googleapis.com/v1/projects/756109698968/services/pubsub.googleapis.com [omitted]
[info] +  functions: required API pubsub.googleapis.com is enabled 
[info] i  functions: generating the service identity for pubsub.googleapis.com... 
[debug] [2026-01-23T00:35:32.282Z] Checked if tokens are valid: true, expires at: 1769132106692
[debug] [2026-01-23T00:35:32.282Z] Checked if tokens are valid: true, expires at: 1769132106692
[info] i  functions: generating the service identity for eventarc.googleapis.com... 
[debug] [2026-01-23T00:35:32.283Z] Checked if tokens are valid: true, expires at: 1769132106692
[debug] [2026-01-23T00:35:32.283Z] Checked if tokens are valid: true, expires at: 1769132106692
[debug] [2026-01-23T00:35:32.283Z] >>> [apiv2][query] POST https://serviceusage.googleapis.com/v1beta1/projects/756109698968/services/pubsub.googleapis.com:generateServiceIdentity [none]
[debug] [2026-01-23T00:35:32.283Z] >>> [apiv2][(partial)header] POST https://serviceusage.googleapis.com/v1beta1/projects/756109698968/services/pubsub.googleapis.com:generateServiceIdentity x-goog-quota-user=projects/756109698968
[debug] [2026-01-23T00:35:32.283Z] >>> [apiv2][body] POST https://serviceusage.googleapis.com/v1beta1/projects/756109698968/services/pubsub.googleapis.com:generateServiceIdentity {}
[debug] [2026-01-23T00:35:32.284Z] >>> [apiv2][query] POST https://serviceusage.googleapis.com/v1beta1/projects/756109698968/services/eventarc.googleapis.com:generateServiceIdentity [none]
[debug] [2026-01-23T00:35:32.284Z] >>> [apiv2][(partial)header] POST https://serviceusage.googleapis.com/v1beta1/projects/756109698968/services/eventarc.googleapis.com:generateServiceIdentity x-goog-quota-user=projects/756109698968
[debug] [2026-01-23T00:35:32.284Z] >>> [apiv2][body] POST https://serviceusage.googleapis.com/v1beta1/projects/756109698968/services/eventarc.googleapis.com:generateServiceIdentity {}
[debug] [2026-01-23T00:35:32.627Z] <<< [apiv2][status] POST https://serviceusage.googleapis.com/v1beta1/projects/756109698968/services/eventarc.googleapis.com:generateServiceIdentity 200
[debug] [2026-01-23T00:35:32.627Z] <<< [apiv2][body] POST https://serviceusage.googleapis.com/v1beta1/projects/756109698968/services/eventarc.googleapis.com:generateServiceIdentity {"name":"operations/finished.DONE_OPERATION","done":true,"response":{"@type":"type.googleapis.com/google.api.serviceusage.v1beta1.ServiceIdentity","email":"service-756109698968@gcp-sa-eventarc.iam.gserviceaccount.com","uniqueId":"118317988687162199661"}}
[debug] [2026-01-23T00:35:32.736Z] <<< [apiv2][status] POST https://serviceusage.googleapis.com/v1beta1/projects/756109698968/services/pubsub.googleapis.com:generateServiceIdentity 200
[debug] [2026-01-23T00:35:32.736Z] <<< [apiv2][body] POST https://serviceusage.googleapis.com/v1beta1/projects/756109698968/services/pubsub.googleapis.com:generateServiceIdentity {"name":"operations/finished.DONE_OPERATION","done":true,"response":{"@type":"type.googleapis.com/google.api.serviceusage.v1beta1.ServiceIdentity","email":"service-756109698968@gcp-sa-pubsub.iam.gserviceaccount.com","uniqueId":"108668250810336428435"}}
[debug] [2026-01-23T00:35:32.738Z] Checked if tokens are valid: true, expires at: 1769132106692
[debug] [2026-01-23T00:35:32.738Z] Checked if tokens are valid: true, expires at: 1769132106692
[debug] [2026-01-23T00:35:32.738Z] >>> [apiv2][query] GET https://cloudresourcemanager.googleapis.com/v1/projects/scoutx-26e01 [none]
[debug] [2026-01-23T00:35:32.837Z] <<< [apiv2][status] GET https://cloudresourcemanager.googleapis.com/v1/projects/scoutx-26e01 200
[debug] [2026-01-23T00:35:32.838Z] <<< [apiv2][body] GET https://cloudresourcemanager.googleapis.com/v1/projects/scoutx-26e01 {"projectNumber":"756109698968","projectId":"scoutx-26e01","lifecycleState":"ACTIVE","name":"ScoutX","labels":{"firebase":"enabled","firebase-core":"disabled"},"createTime":"2025-08-15T22:47:29.838612Z"}
[debug] [2026-01-23T00:35:32.838Z] Checked if tokens are valid: true, expires at: 1769132106692
[debug] [2026-01-23T00:35:32.838Z] Checked if tokens are valid: true, expires at: 1769132106692
[debug] [2026-01-23T00:35:32.838Z] >>> [apiv2][query] GET https://compute.googleapis.com/compute/v1/projects/756109698968 [none]
[debug] [2026-01-23T00:35:33.285Z] <<< [apiv2][status] GET https://compute.googleapis.com/compute/v1/projects/756109698968 403
[debug] [2026-01-23T00:35:33.285Z] <<< [apiv2][body] GET https://compute.googleapis.com/compute/v1/projects/756109698968 {"error":{"code":403,"message":"Compute Engine API has not been used in project 756109698968 before or it is disabled. Enable it by visiting https://console.developers.google.com/apis/api/compute.googleapis.com/overview?project=756109698968 then retry. If you enabled this API recently, wait a few minutes for the action to propagate to our systems and retry.","errors":[{"message":"Compute Engine API has not been used in project 756109698968 before or it is disabled. Enable it by visiting https://console.developers.google.com/apis/api/compute.googleapis.com/overview?project=756109698968 then retry. If you enabled this API recently, wait a few minutes for the action to propagate to our systems and retry.","domain":"usageLimits","reason":"accessNotConfigured","extendedHelp":"https://console.developers.google.com"}],"status":"PERMISSION_DENIED","details":[{"@type":"type.googleapis.com/google.rpc.ErrorInfo","reason":"SERVICE_DISABLED","domain":"googleapis.com","metadata":{"serviceTitle":"Compute Engine API","consumer":"projects/756109698968","activationUrl":"https://console.developers.google.com/apis/api/compute.googleapis.com/overview?project=756109698968","containerInfo":"756109698968","service":"compute.googleapis.com"}},{"@type":"type.googleapis.com/google.rpc.LocalizedMessage","locale":"en-US","message":"Compute Engine API has not been used in project 756109698968 before or it is disabled. Enable it by visiting https://console.developers.google.com/apis/api/compute.googleapis.com/overview?project=756109698968 then retry. If you enabled this API recently, wait a few minutes for the action to propagate to our systems and retry."},{"@type":"type.googleapis.com/google.rpc.Help","links":[{"description":"Google developers console API activation","url":"https://console.developers.google.com/apis/api/compute.googleapis.com/overview?project=756109698968"}]}]}}
[debug] [2026-01-23T00:35:33.286Z] unable to look up default compute service account. Falling back to 756109698968-compute@developer.gserviceaccount.com. Error: {"name":"FirebaseError","children":[],"context":{"body":{"error":{"code":403,"message":"Compute Engine API has not been used in project 756109698968 before or it is disabled. Enable it by visiting https://console.developers.google.com/apis/api/compute.googleapis.com/overview?project=756109698968 then retry. If you enabled this API recently, wait a few minutes for the action to propagate to our systems and retry.","errors":[{"message":"Compute Engine API has not been used in project 756109698968 before or it is disabled. Enable it by visiting https://console.developers.google.com/apis/api/compute.googleapis.com/overview?project=756109698968 then retry. If you enabled this API recently, wait a few minutes for the action to propagate to our systems and retry.","domain":"usageLimits","reason":"accessNotConfigured","extendedHelp":"https://console.developers.google.com"}],"status":"PERMISSION_DENIED","details":[{"@type":"type.googleapis.com/google.rpc.ErrorInfo","reason":"SERVICE_DISABLED","domain":"googleapis.com","metadata":{"serviceTitle":"Compute Engine API","consumer":"projects/756109698968","activationUrl":"https://console.developers.google.com/apis/api/compute.googleapis.com/overview?project=756109698968","containerInfo":"756109698968","service":"compute.googleapis.com"}},{"@type":"type.googleapis.com/google.rpc.LocalizedMessage","locale":"en-US","message":"Compute Engine API has not been used in project 756109698968 before or it is disabled. Enable it by visiting https://console.developers.google.com/apis/api/compute.googleapis.com/overview?project=756109698968 then retry. If you enabled this API recently, wait a few minutes for the action to propagate to our systems and retry."},{"@type":"type.googleapis.com/google.rpc.Help","links":[{"description":"Google developers console API activation","url":"https://console.developers.google.com/apis/api/compute.googleapis.com/overview?project=756109698968"}]}]}},"response":{"statusCode":403}},"exit":1,"message":"Request to https://compute.googleapis.com/compute/v1/projects/756109698968 had HTTP Error: 403, Compute Engine API has not been used in project 756109698968 before or it is disabled. Enable it by visiting https://console.developers.google.com/apis/api/compute.googleapis.com/overview?project=756109698968 then retry. If you enabled this API recently, wait a few minutes for the action to propagate to our systems and retry.","status":403}
[debug] [2026-01-23T00:35:33.287Z] Checked if tokens are valid: true, expires at: 1769132106692
[debug] [2026-01-23T00:35:33.287Z] Checked if tokens are valid: true, expires at: 1769132106692
[debug] [2026-01-23T00:35:33.287Z] >>> [apiv2][query] GET https://cloudbilling.googleapis.com/v1/projects/scoutx-26e01/billingInfo [none]
[debug] [2026-01-23T00:35:33.930Z] <<< [apiv2][status] GET https://cloudbilling.googleapis.com/v1/projects/scoutx-26e01/billingInfo 200
[debug] [2026-01-23T00:35:33.930Z] <<< [apiv2][body] GET https://cloudbilling.googleapis.com/v1/projects/scoutx-26e01/billingInfo {"name":"projects/scoutx-26e01/billingInfo","projectId":"scoutx-26e01","billingAccountName":"billingAccounts/019F97-5E3132-CD5EFA","billingEnabled":false}
[debug] [2026-01-23T00:35:33.931Z] Checked if tokens are valid: true, expires at: 1769132106692
[debug] [2026-01-23T00:35:33.931Z] Checked if tokens are valid: true, expires at: 1769132106692
[debug] [2026-01-23T00:35:33.931Z] >>> [apiv2][query] GET https://cloudbilling.googleapis.com/v1/billingAccounts [none]
[debug] [2026-01-23T00:35:34.244Z] <<< [apiv2][status] GET https://cloudbilling.googleapis.com/v1/billingAccounts 200
[debug] [2026-01-23T00:35:34.245Z] <<< [apiv2][body] GET https://cloudbilling.googleapis.com/v1/billingAccounts {"billingAccounts":[{"name":"billingAccounts/019F97-5E3132-CD5EFA","open":false,"displayName":"My Billing Account","masterBillingAccount":"","parent":"","currencyCode":"USD"}],"nextPageToken":""}
[info] 
[info] Extension require your project to be upgraded to the Blaze plan. Please visit the following link to add a billing account:
[info] 
[info] https://console.cloud.google.com/billing/linkedaccount?project=scoutx-26e01
[info] 
